{"level":30,"time":"2024-12-17T02:19:13.155Z","msg":"got fast localeOverride setting null"}
{"level":30,"time":"2024-12-17T02:19:13.156Z","msg":"app.ready: hour cycle preference: UnknownPreference"}
{"level":30,"time":"2024-12-17T02:19:13.156Z","msg":"app.ready: preferred system locales: en-US, en"}
{"level":30,"time":"2024-12-17T02:19:13.157Z","msg":"locale: Supported locales: af-ZA, ar, az-AZ, bg-BG, bn-BD, bs-BA, ca, cs, da, de, el, en, es, et-EE, eu, fa-IR, fi, fr, ga-IE, gl-ES, gu-IN, he, hi-IN, hr-HR, hu, id, it, ja, ka-GE, kk-KZ, km-KH, kn-IN, ko, ky-KG, lt-LT, lv-LV, mk-MK, ml-IN, mr-IN, ms, my, nb, nl, pa-IN, pl, pt-BR, pt-PT, ro-RO, ru, sk-SK, sl-SI, sq-AL, sr, sv, sw, ta-IN, te-IN, th, tl-PH, tr, ug, uk-UA, ur, vi, yue, zh-CN, zh-HK, zh-Hant"}
{"level":30,"time":"2024-12-17T02:19:13.157Z","msg":"locale: Preferred locales: en-US, en"}
{"level":30,"time":"2024-12-17T02:19:13.157Z","msg":"locale: Locale Override: null"}
{"level":30,"time":"2024-12-17T02:19:13.159Z","msg":"locale: Matched locale: en"}
{"level":40,"time":"2024-12-17T02:19:13.202Z","msg":"intl.onWarn [@formatjs/intl] \"defaultRichTextElements\" was specified but \"message\" was not pre-compiled. \nPlease consider using \"@formatjs/cli\" to pre-compile your messages for performance.\nFor more details see https://formatjs.io/docs/getting-started/message-distribution"}
{"level":30,"time":"2024-12-17T02:19:13.202Z","msg":"locale: Text info direction for en: ltr"}
{"level":30,"time":"2024-12-17T02:19:13.203Z","msg":"getSQLKey: using legacy key"}
{"level":30,"time":"2024-12-17T02:19:13.204Z","msg":"getSystemTraySetting got value DoNotUseSystemTray"}
{"level":30,"time":"2024-12-17T02:19:13.204Z","msg":"getSystemTraySetting returning DoNotUseSystemTray"}
{"level":30,"time":"2024-12-17T02:19:13.205Z","msg":"app ready"}
{"level":30,"time":"2024-12-17T02:19:13.205Z","msg":"starting version 7.36.0"}
{"level":30,"time":"2024-12-17T02:19:13.205Z","msg":"media access status [object Undefined] [object Undefined]"}
{"level":30,"time":"2024-12-17T02:19:13.207Z","msg":"got fast theme-setting value system"}
{"level":30,"time":"2024-12-17T02:19:13.222Z","msg":"got fast theme-setting value system"}
{"level":30,"time":"2024-12-17T02:19:13.222Z","msg":"got fast spellcheck setting true"}
{"level":30,"time":"2024-12-17T02:19:13.223Z","msg":"visibleOnAnyScreen(window): x=777, y=47, width=768, height=505"}
{"level":30,"time":"2024-12-17T02:19:13.224Z","msg":"visibleOnAnyScreen(display #33): x=0, y=0, width=768, height=1366"}
{"level":30,"time":"2024-12-17T02:19:13.224Z","msg":"visibleOnAnyScreen(display #1): x=768, y=0, width=1920, height=1080"}
{"level":30,"time":"2024-12-17T02:19:13.224Z","msg":"Initializing BrowserWindow config: {\"show\":false,\"width\":768,\"height\":505,\"minWidth\":300,\"minHeight\":200,\"autoHideMenuBar\":false,\"titleBarStyle\":\"default\",\"backgroundColor\":\"#121212\",\"webPreferences\":{\"devTools\":false,\"spellcheck\":true,\"enableBlinkFeatures\":\"CSSPseudoDir,CSSLogical\",\"enablePreferredSizeMode\":true,\"nodeIntegration\":false,\"nodeIntegrationInWorker\":false,\"sandbox\":false,\"contextIsolation\":true,\"preload\":\"[REDACTED]/preload.wrapper.js\",\"backgroundThrottling\":true,\"disableBlinkFeatures\":\"Accelerated2dCanvas,AcceleratedSmallCanvases\"},\"icon\":\"[REDACTED]/images/signal-logo-desktop-linux.png\",\"x\":777,\"y\":47}"}
{"level":30,"time":"2024-12-17T02:19:13.284Z","msg":"spellcheck: user locales: [\"en-US\",\"en\"]"}
{"level":30,"time":"2024-12-17T02:19:13.284Z","msg":"spellcheck: available spellchecker languages: [\"af\",\"bg\",\"ca\",\"cs\",\"cy\",\"da\",\"de\",\"de-DE\",\"el\",\"en\",\"en-AU\",\"en-CA\",\"en-GB\",\"en-GB-oxendict\",\"en-US\",\"es\",\"es-419\",\"es-AR\",\"es-ES\",\"es-MX\",\"es-US\",\"et\",\"fa\",\"fo\",\"fr\",\"fr-FR\",\"he\",\"hi\",\"hr\",\"hu\",\"hy\",\"id\",\"it\",\"it-IT\",\"ko\",\"lt\",\"lv\",\"nb\",\"nl\",\"pl\",\"pt\",\"pt-BR\",\"pt-PT\",\"ro\",\"ru\",\"sh\",\"sk\",\"sl\",\"sq\",\"sr\",\"sv\",\"ta\",\"tg\",\"tr\",\"uk\",\"vi\"]"}
{"level":30,"time":"2024-12-17T02:19:13.284Z","msg":"spellcheck: setting languages to: [\"en-US\",\"en\"]"}
{"level":30,"time":"2024-12-17T02:19:13.284Z","msg":"MainSQL: updateSchema:\n  Current user_version: 1260;\n  Most recent db schema: 1260;\n  SQLite version: 3.46.1;\n  SQLCipher version: 4.6.1 community;\n  (deprecated) schema_version: 515;\n"}
{"level":30,"time":"2024-12-17T02:19:13.364Z","msg":"spellcheck: dictionary download success: en"}
{"level":30,"time":"2024-12-17T02:19:13.364Z","msg":"spellcheck: dictionary download success: en-US"}
{"level":30,"time":"2024-12-17T02:19:13.365Z","msg":"spellcheck: dictionary initialized: en"}
{"level":30,"time":"2024-12-17T02:19:13.365Z","msg":"spellcheck: dictionary initialized: en-US"}
{"level":30,"time":"2024-12-17T02:19:13.689Z","msg":"got fast theme-setting value system"}
{"level":30,"time":"2024-12-17T02:19:14.261Z","msg":"got fast spellcheck setting true"}
{"level":30,"time":"2024-12-17T02:19:14.265Z","msg":"System tray service: created"}
{"level":30,"time":"2024-12-17T02:19:14.265Z","msg":"System tray service: updating main window. Previously, there was not a window, and now there is"}
{"level":30,"time":"2024-12-17T02:19:14.265Z","msg":"System tray service: rendering no tray"}
{"level":30,"time":"2024-12-17T02:19:14.265Z","msg":"Begin ensuring permissions"}
{"level":30,"time":"2024-12-17T02:19:14.266Z","msg":"Ensuring file permissions for 4 files"}
{"level":30,"time":"2024-12-17T02:19:14.267Z","msg":"Finish ensuring permissions in 2ms"}
{"level":30,"time":"2024-12-17T02:19:14.287Z","msg":"main window is ready-to-show"}
{"level":30,"time":"2024-12-17T02:19:14.287Z","msg":"showing main window"}
{"level":30,"time":"2024-12-17T02:19:14.290Z","msg":"System tray service: rendering no tray"}
{"level":30,"time":"2024-12-17T02:19:14.398Z","msg":"Prevent display sleep service: allowing display sleep"}
{"level":30,"time":"2024-12-17T02:19:14.398Z","msg":"Background throttling enabled because no call is active"}
{"level":30,"time":"2024-12-17T02:19:14.970Z","msg":"updater/start: Updates disabled - not starting new version checks"}
{"level":30,"time":"2024-12-17T02:19:14.971Z","msg":"App loaded - time: 1767"}
{"level":30,"time":"2024-12-17T02:19:14.971Z","msg":"SQL init - time: 88"}
{"level":30,"time":"2024-12-17T02:19:14.971Z","msg":"Preload - time: 535"}
{"level":30,"time":"2024-12-17T02:19:14.971Z","msg":"WebSocket connect - time: 529"}
{"level":30,"time":"2024-12-17T02:19:14.971Z","msg":"Processed count: 1"}
{"level":30,"time":"2024-12-17T02:19:14.971Z","msg":"Messages per second: 1.422475106685633"}
{"level":30,"time":"2024-12-17T02:19:14.971Z","msg":"Top 10 queries by cumulative duration (ms) over last 1681ms during 'App Load': getAllKyberPreKeys: cumulative 11.5 | average: 11.5 | max: 11.5 | count: 1 ||| createOrUpdateItem: cumulative 8.79 | average: 1.1 | max: 1.76 | count: 8 ||| saveMessages: cumulative 3.99 | average: 3.99 | max: 3.99 | count: 1 ||| commitDecryptResult: cumulative 3.33 | average: 3.33 | max: 3.33 | count: 1 ||| getAllStickers: cumulative 2.92 | average: 2.92 | max: 2.92 | count: 1 ||| updateConversations: cumulative 2.05 | average: 2.05 | max: 2.05 | count: 1 ||| getAllConversations: cumulative 1.62 | average: 1.62 | max: 1.62 | count: 1 ||| getAllStoryDistributionsWithMembers: cumulative 1.41 | average: 1.41 | max: 1.41 | count: 1 ||| getAllUnprocessedIds: cumulative 0.99 | average: 0.33 | max: 0.52 | count: 3 ||| getAllPreKeys: cumulative 0.99 | average: 0.99 | max: 0.99 | count: 1; Total cumulative duration of all SQL queries during this epoch: 51.44ms"}
{"level":30,"time":"2024-12-17T02:19:15.033Z","msg":"Updating BrowserWindow config: %s {\"maximized\":false,\"autoHideMenuBar\":false,\"fullscreen\":false,\"width\":944,\"height\":505,\"x\":777,\"y\":566}"}
{"level":30,"time":"2024-12-17T02:19:15.034Z","msg":"config/set: Saving ephemeral config to disk"}
{"level":30,"time":"2024-12-17T02:19:15.036Z","msg":"config/set: Saved ephemeral config to disk"}
{"level":30,"time":"2024-12-17T02:19:15.994Z","msg":"Updating BrowserWindow config: %s {\"maximized\":false,\"autoHideMenuBar\":false,\"fullscreen\":false,\"width\":1902,\"height\":505,\"x\":777,\"y\":566}"}
{"level":30,"time":"2024-12-17T02:19:15.994Z","msg":"config/set: Saving ephemeral config to disk"}
{"level":30,"time":"2024-12-17T02:19:15.995Z","msg":"config/set: Saved ephemeral config to disk"}
{"level":40,"time":"2024-12-17T02:19:16.671Z","msg":"OptionalResourceService: loaded emoji-index-en.json from disk"}
{"level":30,"time":"2024-12-17T02:19:24.448Z","msg":"close event {\"readyForShutdown\":false,\"shouldQuit\":false}"}
{"level":30,"time":"2024-12-17T02:19:24.449Z","msg":"maybeRequestCloseConfirmation: Checking to see if close confirmation is needed"}
{"level":30,"time":"2024-12-17T02:19:24.451Z","msg":"maybeRequestCloseConfirmation: Response received"}
{"level":30,"time":"2024-12-17T02:19:24.454Z","msg":"System tray service: rendering no tray"}
{"level":30,"time":"2024-12-17T02:19:24.454Z","msg":"requestShutdown: Requesting close of mainWindow..."}
{"level":30,"time":"2024-12-17T02:19:24.477Z","msg":"requestShutdown: Response received"}
{"level":30,"time":"2024-12-17T02:19:24.503Z","msg":"before-quit event {\"readyForShutdown\":true,\"shouldQuit\":false,\"hasEventBeenPrevented\":false,\"windowCount\":1,\"mainWindowExists\":true,\"mainWindowIsFullScreen\":false}"}
{"level":30,"time":"2024-12-17T02:19:24.503Z","msg":"System tray service: markShouldQuit"}
{"level":30,"time":"2024-12-17T02:19:24.503Z","msg":"close event {\"readyForShutdown\":true,\"shouldQuit\":true}"}
{"level":30,"time":"2024-12-17T02:19:24.506Z","msg":"main window closed event"}
{"level":30,"time":"2024-12-17T02:19:24.506Z","msg":"System tray service: updating main window. Previously, there was a window, and now there is not"}
{"level":30,"time":"2024-12-17T02:19:24.506Z","msg":"System tray service: rendering no tray"}
{"level":30,"time":"2024-12-17T02:19:24.507Z","msg":"will-quit event {\"hasEventBeenPrevented\":false,\"windowCount\":0,\"mainWindowExists\":false}"}
{"level":30,"time":"2024-12-17T02:19:24.508Z","msg":"quit event {\"hasEventBeenPrevented\":false,\"windowCount\":0,\"mainWindowExists\":false}"}
