    OpenRGB v0.9
    Commit:  from 
    Launched: 20241204_222528
====================================================================================================

2     |Info:    Found file: Indigo.orp attempting to validate header
2     |Info:    Valid v4 profile found for Indigo
2     |Info:    Found file: Default.orp attempting to validate header
3     |Info:    Valid v4 profile found for Default
1020  |Info:    ------------------------------------------------------
1020  |Info:    |               Start device detection               |
1020  |Info:    ------------------------------------------------------
1020  |Info:    Initializing HID interfaces: Success
1023  |Info:    ------------------------------------------------------
1023  |Info:    |             Detecting I2C interfaces               |
1023  |Info:    ------------------------------------------------------
1023  |Info:    Registering I2C interface: /dev/i2c-3 Device 10DE:2182 Subsystem: 1458:3FBE
1023  |Info:    Registering I2C interface: /dev/i2c-10 Device 8086:9BC8 Subsystem: 1043:8694
1023  |Info:    Registering I2C interface: /dev/i2c-1 Device 10DE:2182 Subsystem: 1458:3FBE
1023  |Warning: [i2c_smbus_linux] Failed to read i2c device PCI device ID
1023  |Info:    Registering I2C interface: /dev/i2c-17 Device 0000:0000 Subsystem: 0000:0000
1024  |Info:    Registering I2C interface: /dev/i2c-8 Device 8086:9BC8 Subsystem: 1043:8694
1024  |Info:    Registering I2C interface: /dev/i2c-15 Device 8086:9BC8 Subsystem: 1043:8694
1024  |Info:    Registering I2C interface: /dev/i2c-6 Device 10DE:1AED Subsystem: 1458:3FBE
1024  |Info:    Registering I2C interface: /dev/i2c-13 Device 8086:9BC8 Subsystem: 1043:8694
1024  |Info:    Registering I2C interface: /dev/i2c-4 Device 10DE:2182 Subsystem: 1458:3FBE
1024  |Info:    Registering I2C interface: /dev/i2c-11 Device 8086:9BC8 Subsystem: 1043:8694
1024  |Info:    Registering I2C interface: /dev/i2c-2 Device 10DE:2182 Subsystem: 1458:3FBE
1024  |Info:    Registering I2C interface: /dev/i2c-0 Device 0000:0000 Subsystem: 0000:0000
1024  |Warning: [i2c_smbus_linux] Failed to read i2c device PCI device ID
1024  |Info:    Registering I2C interface: /dev/i2c-18 Device 0000:0000 Subsystem: 0000:0000
1024  |Info:    Registering I2C interface: /dev/i2c-9 Device 8086:9BC8 Subsystem: 1043:8694
1024  |Info:    Registering I2C interface: /dev/i2c-16 Device 8086:9BC8 Subsystem: 1043:8694
1024  |Info:    Registering I2C interface: /dev/i2c-7 Device 8086:43A3 Subsystem: 1043:8694
1024  |Info:    Registering I2C interface: /dev/i2c-14 Device 8086:9BC8 Subsystem: 1043:8694
1024  |Info:    Registering I2C interface: /dev/i2c-5 Device 10DE:2182 Subsystem: 1458:3FBE
1024  |Info:    Registering I2C interface: /dev/i2c-12 Device 8086:9BC8 Subsystem: 1043:8694
1024  |Info:    ------------------------------------------------------
1024  |Info:    |               Detecting I2C devices                |
1024  |Info:    ------------------------------------------------------
1448  |Info:    ------------------------------------------------------
1448  |Info:    |               Detecting I2C PCI devices            |
1448  |Info:    ------------------------------------------------------
1449  |Info:    ------------------------------------------------------
1449  |Info:    |               Detecting HID devices                |
1449  |Info:    ------------------------------------------------------
1838  |Info:    [G502 HERO Gaming Mouse] Registering RGB controller
1838  |Info:    [Keychron Gaming Keyboard 1] Registering RGB controller
1838  |Info:    ------------------------------------------------------
1838  |Info:    |            Detecting libusb HID devices            |
1838  |Info:    ------------------------------------------------------
1848  |Info:    ------------------------------------------------------
1848  |Info:    |              Detecting other devices               |
1848  |Info:    ------------------------------------------------------
1852  |Info:    ------------------------------------------------------
1852  |Info:    |                Detection completed                 |
1852  |Info:    ------------------------------------------------------
1852  |Info:    Profile loading: Succeeded for G502 HERO Gaming Mouse @ HID: /dev/hidraw4 (Receiver) 
Wireless Index: 255
1852  |Info:    Profile loading: Succeeded for Keychron Gaming Keyboard 1 @ HID: /dev/hidraw0
