    OpenRGB v0.9
    Commit:  from 
    Launched: 20241205_184220
====================================================================================================

3     |Info:    Found file: Indigo.orp attempting to validate header
4     |Info:    Valid v4 profile found for Indigo
4     |Info:    Found file: Default.orp attempting to validate header
5     |Info:    Valid v4 profile found for Default
1031  |Info:    ------------------------------------------------------
1031  |Info:    |               Start device detection               |
1031  |Info:    ------------------------------------------------------
1031  |Info:    Initializing HID interfaces: Success
1035  |Info:    ------------------------------------------------------
1035  |Info:    |             Detecting I2C interfaces               |
1035  |Info:    ------------------------------------------------------
1035  |Info:    Registering I2C interface: /dev/i2c-3 Device 10DE:2182 Subsystem: 1458:3FBE
1036  |Info:    Registering I2C interface: /dev/i2c-10 Device 8086:9BC8 Subsystem: 1043:8694
1036  |Info:    Registering I2C interface: /dev/i2c-1 Device 10DE:2182 Subsystem: 1458:3FBE
1036  |Warning: [i2c_smbus_linux] Failed to read i2c device PCI device ID
1036  |Info:    Registering I2C interface: /dev/i2c-17 Device 0000:0000 Subsystem: 0000:0000
1037  |Info:    Registering I2C interface: /dev/i2c-8 Device 8086:9BC8 Subsystem: 1043:8694
1038  |Info:    Registering I2C interface: /dev/i2c-15 Device 8086:9BC8 Subsystem: 1043:8694
1038  |Info:    Registering I2C interface: /dev/i2c-6 Device 10DE:1AED Subsystem: 1458:3FBE
1038  |Info:    Registering I2C interface: /dev/i2c-13 Device 8086:9BC8 Subsystem: 1043:8694
1038  |Info:    Registering I2C interface: /dev/i2c-4 Device 10DE:2182 Subsystem: 1458:3FBE
1038  |Info:    Registering I2C interface: /dev/i2c-11 Device 8086:9BC8 Subsystem: 1043:8694
1038  |Info:    Registering I2C interface: /dev/i2c-2 Device 10DE:2182 Subsystem: 1458:3FBE
1038  |Info:    Registering I2C interface: /dev/i2c-0 Device 0000:0000 Subsystem: 0000:0000
1038  |Warning: [i2c_smbus_linux] Failed to read i2c device PCI device ID
1038  |Info:    Registering I2C interface: /dev/i2c-18 Device 0000:0000 Subsystem: 0000:0000
1038  |Info:    Registering I2C interface: /dev/i2c-9 Device 8086:9BC8 Subsystem: 1043:8694
1038  |Info:    Registering I2C interface: /dev/i2c-16 Device 8086:9BC8 Subsystem: 1043:8694
1038  |Info:    Registering I2C interface: /dev/i2c-7 Device 8086:43A3 Subsystem: 1043:8694
1038  |Info:    Registering I2C interface: /dev/i2c-14 Device 8086:9BC8 Subsystem: 1043:8694
1039  |Info:    Registering I2C interface: /dev/i2c-5 Device 10DE:2182 Subsystem: 1458:3FBE
1039  |Info:    Registering I2C interface: /dev/i2c-12 Device 8086:9BC8 Subsystem: 1043:8694
1039  |Info:    ------------------------------------------------------
1039  |Info:    |               Detecting I2C devices                |
1039  |Info:    ------------------------------------------------------
1436  |Info:    ------------------------------------------------------
1436  |Info:    |               Detecting I2C PCI devices            |
1436  |Info:    ------------------------------------------------------
1436  |Info:    ------------------------------------------------------
1436  |Info:    |               Detecting HID devices                |
1436  |Info:    ------------------------------------------------------
1838  |Info:    [G502 HERO Gaming Mouse] Registering RGB controller
1839  |Info:    [Keychron Gaming Keyboard 1] Registering RGB controller
1840  |Info:    ------------------------------------------------------
1840  |Info:    |            Detecting libusb HID devices            |
1840  |Info:    ------------------------------------------------------
1865  |Info:    ------------------------------------------------------
1865  |Info:    |              Detecting other devices               |
1865  |Info:    ------------------------------------------------------
1870  |Info:    ------------------------------------------------------
1870  |Info:    |                Detection completed                 |
1870  |Info:    ------------------------------------------------------
1870  |Info:    Profile loading: Succeeded for G502 HERO Gaming Mouse @ HID: /dev/hidraw4 (Receiver) 
Wireless Index: 255
1870  |Info:    Profile loading: Succeeded for Keychron Gaming Keyboard 1 @ HID: /dev/hidraw5
