    OpenRGB v0.9
    Commit:  from 
    Launched: 20241214_203449
====================================================================================================

2     |Info:    Found file: Indigo.orp attempting to validate header
3     |Info:    Valid v4 profile found for Indigo
3     |Info:    Found file: Default.orp attempting to validate header
4     |Info:    Valid v4 profile found for Default
1022  |Info:    ------------------------------------------------------
1022  |Info:    |               Start device detection               |
1022  |Info:    ------------------------------------------------------
1022  |Info:    Initializing HID interfaces: Success
1025  |Info:    ------------------------------------------------------
1025  |Info:    |             Detecting I2C interfaces               |
1025  |Info:    ------------------------------------------------------
1026  |Info:    Registering I2C interface: /dev/i2c-3 Device 10DE:2182 Subsystem: 1458:3FBE
1026  |Info:    Registering I2C interface: /dev/i2c-10 Device 8086:9BC8 Subsystem: 1043:8694
1026  |Info:    Registering I2C interface: /dev/i2c-1 Device 10DE:2182 Subsystem: 1458:3FBE
1026  |Warning: [i2c_smbus_linux] Failed to read i2c device PCI device ID
1026  |Info:    Registering I2C interface: /dev/i2c-17 Device 0000:0000 Subsystem: 0000:0000
1026  |Info:    Registering I2C interface: /dev/i2c-8 Device 8086:9BC8 Subsystem: 1043:8694
1026  |Info:    Registering I2C interface: /dev/i2c-15 Device 8086:9BC8 Subsystem: 1043:8694
1026  |Info:    Registering I2C interface: /dev/i2c-6 Device 10DE:1AED Subsystem: 1458:3FBE
1027  |Info:    Registering I2C interface: /dev/i2c-13 Device 8086:9BC8 Subsystem: 1043:8694
1027  |Info:    Registering I2C interface: /dev/i2c-4 Device 10DE:2182 Subsystem: 1458:3FBE
1027  |Info:    Registering I2C interface: /dev/i2c-11 Device 8086:9BC8 Subsystem: 1043:8694
1027  |Info:    Registering I2C interface: /dev/i2c-2 Device 10DE:2182 Subsystem: 1458:3FBE
1027  |Info:    Registering I2C interface: /dev/i2c-0 Device 0000:0000 Subsystem: 0000:0000
1027  |Warning: [i2c_smbus_linux] Failed to read i2c device PCI device ID
1027  |Info:    Registering I2C interface: /dev/i2c-18 Device 0000:0000 Subsystem: 0000:0000
1027  |Info:    Registering I2C interface: /dev/i2c-9 Device 8086:9BC8 Subsystem: 1043:8694
1027  |Info:    Registering I2C interface: /dev/i2c-16 Device 8086:9BC8 Subsystem: 1043:8694
1027  |Info:    Registering I2C interface: /dev/i2c-7 Device 8086:43A3 Subsystem: 1043:8694
1027  |Info:    Registering I2C interface: /dev/i2c-14 Device 8086:9BC8 Subsystem: 1043:8694
1027  |Info:    Registering I2C interface: /dev/i2c-5 Device 10DE:2182 Subsystem: 1458:3FBE
1027  |Info:    Registering I2C interface: /dev/i2c-12 Device 8086:9BC8 Subsystem: 1043:8694
1027  |Info:    ------------------------------------------------------
1027  |Info:    |               Detecting I2C devices                |
1027  |Info:    ------------------------------------------------------
1423  |Info:    ------------------------------------------------------
1423  |Info:    |               Detecting I2C PCI devices            |
1423  |Info:    ------------------------------------------------------
1425  |Info:    ------------------------------------------------------
1425  |Info:    |               Detecting HID devices                |
1425  |Info:    ------------------------------------------------------
1815  |Info:    [G502 HERO Gaming Mouse] Registering RGB controller
1816  |Info:    [Keychron Gaming Keyboard 1] Registering RGB controller
1816  |Info:    ------------------------------------------------------
1816  |Info:    |            Detecting libusb HID devices            |
1816  |Info:    ------------------------------------------------------
1830  |Info:    ------------------------------------------------------
1830  |Info:    |              Detecting other devices               |
1830  |Info:    ------------------------------------------------------
1833  |Info:    ------------------------------------------------------
1833  |Info:    |                Detection completed                 |
1833  |Info:    ------------------------------------------------------
1833  |Info:    Profile loading: Succeeded for G502 HERO Gaming Mouse @ HID: /dev/hidraw1 (Receiver) 
Wireless Index: 255
1833  |Info:    Profile loading: Succeeded for Keychron Gaming Keyboard 1 @ HID: /dev/hidraw2
