    OpenRGB v0.9
    Commit:  from 
    Launched: 20241228_233615
====================================================================================================

2     |Info:    Found file: Indigo.orp attempting to validate header
3     |Info:    Valid v4 profile found for Indigo
3     |Info:    Found file: Default.orp attempting to validate header
4     |Info:    Valid v4 profile found for Default
1028  |Info:    ------------------------------------------------------
1028  |Info:    |               Start device detection               |
1028  |Info:    ------------------------------------------------------
1028  |Info:    Initializing HID interfaces: Success
1032  |Info:    ------------------------------------------------------
1032  |Info:    |             Detecting I2C interfaces               |
1032  |Info:    ------------------------------------------------------
1034  |Info:    Registering I2C interface: /dev/i2c-3 Device 10DE:2182 Subsystem: 1458:3FBE
1034  |Info:    Registering I2C interface: /dev/i2c-10 Device 8086:9BC8 Subsystem: 1043:8694
1034  |Info:    Registering I2C interface: /dev/i2c-1 Device 10DE:2182 Subsystem: 1458:3FBE
1034  |Warning: [i2c_smbus_linux] Failed to read i2c device PCI device ID
1034  |Info:    Registering I2C interface: /dev/i2c-17 Device 0000:0000 Subsystem: 0000:0000
1034  |Info:    Registering I2C interface: /dev/i2c-8 Device 8086:9BC8 Subsystem: 1043:8694
1034  |Info:    Registering I2C interface: /dev/i2c-15 Device 8086:9BC8 Subsystem: 1043:8694
1034  |Info:    Registering I2C interface: /dev/i2c-6 Device 10DE:1AED Subsystem: 1458:3FBE
1035  |Info:    Registering I2C interface: /dev/i2c-13 Device 8086:9BC8 Subsystem: 1043:8694
1035  |Info:    Registering I2C interface: /dev/i2c-4 Device 10DE:2182 Subsystem: 1458:3FBE
1035  |Info:    Registering I2C interface: /dev/i2c-11 Device 8086:9BC8 Subsystem: 1043:8694
1035  |Info:    Registering I2C interface: /dev/i2c-2 Device 10DE:2182 Subsystem: 1458:3FBE
1035  |Info:    Registering I2C interface: /dev/i2c-0 Device 0000:0000 Subsystem: 0000:0000
1035  |Warning: [i2c_smbus_linux] Failed to read i2c device PCI device ID
1036  |Info:    Registering I2C interface: /dev/i2c-18 Device 0000:0000 Subsystem: 0000:0000
1036  |Info:    Registering I2C interface: /dev/i2c-9 Device 8086:9BC8 Subsystem: 1043:8694
1036  |Info:    Registering I2C interface: /dev/i2c-16 Device 8086:9BC8 Subsystem: 1043:8694
1036  |Info:    Registering I2C interface: /dev/i2c-7 Device 8086:43A3 Subsystem: 1043:8694
1036  |Info:    Registering I2C interface: /dev/i2c-14 Device 8086:9BC8 Subsystem: 1043:8694
1037  |Info:    Registering I2C interface: /dev/i2c-5 Device 10DE:2182 Subsystem: 1458:3FBE
1037  |Info:    Registering I2C interface: /dev/i2c-12 Device 8086:9BC8 Subsystem: 1043:8694
1037  |Info:    ------------------------------------------------------
1037  |Info:    |               Detecting I2C devices                |
1037  |Info:    ------------------------------------------------------
1469  |Info:    ------------------------------------------------------
1469  |Info:    |               Detecting I2C PCI devices            |
1469  |Info:    ------------------------------------------------------
1470  |Info:    ------------------------------------------------------
1470  |Info:    |               Detecting HID devices                |
1470  |Info:    ------------------------------------------------------
1859  |Info:    [G502 HERO Gaming Mouse] Registering RGB controller
1860  |Info:    [Keychron Gaming Keyboard 1] Registering RGB controller
1860  |Info:    ------------------------------------------------------
1860  |Info:    |            Detecting libusb HID devices            |
1860  |Info:    ------------------------------------------------------
1870  |Info:    ------------------------------------------------------
1870  |Info:    |              Detecting other devices               |
1870  |Info:    ------------------------------------------------------
1875  |Info:    ------------------------------------------------------
1875  |Info:    |                Detection completed                 |
1875  |Info:    ------------------------------------------------------
1875  |Info:    Profile loading: Succeeded for G502 HERO Gaming Mouse @ HID: /dev/hidraw1 (Receiver) 
Wireless Index: 255
1875  |Info:    Profile loading: Succeeded for Keychron Gaming Keyboard 1 @ HID: /dev/hidraw2
