    OpenRGB v0.9
    Commit:  from 
    Launched: 20241209_235312
====================================================================================================

2     |Info:    Found file: Indigo.orp attempting to validate header
2     |Info:    Valid v4 profile found for Indigo
2     |Info:    Found file: Default.orp attempting to validate header
2     |Info:    Valid v4 profile found for Default
1018  |Info:    ------------------------------------------------------
1018  |Info:    |               Start device detection               |
1018  |Info:    ------------------------------------------------------
1018  |Info:    Initializing HID interfaces: Success
1021  |Info:    ------------------------------------------------------
1021  |Info:    |             Detecting I2C interfaces               |
1021  |Info:    ------------------------------------------------------
1021  |Info:    Registering I2C interface: /dev/i2c-3 Device 10DE:2182 Subsystem: 1458:3FBE
1021  |Info:    Registering I2C interface: /dev/i2c-10 Device 8086:9BC8 Subsystem: 1043:8694
1021  |Info:    Registering I2C interface: /dev/i2c-1 Device 10DE:2182 Subsystem: 1458:3FBE
1021  |Warning: [i2c_smbus_linux] Failed to read i2c device PCI device ID
1021  |Info:    Registering I2C interface: /dev/i2c-17 Device 0000:0000 Subsystem: 0000:0000
1021  |Info:    Registering I2C interface: /dev/i2c-8 Device 8086:9BC8 Subsystem: 1043:8694
1021  |Info:    Registering I2C interface: /dev/i2c-15 Device 8086:9BC8 Subsystem: 1043:8694
1021  |Info:    Registering I2C interface: /dev/i2c-6 Device 10DE:1AED Subsystem: 1458:3FBE
1021  |Info:    Registering I2C interface: /dev/i2c-13 Device 8086:9BC8 Subsystem: 1043:8694
1021  |Info:    Registering I2C interface: /dev/i2c-4 Device 10DE:2182 Subsystem: 1458:3FBE
1021  |Info:    Registering I2C interface: /dev/i2c-11 Device 8086:9BC8 Subsystem: 1043:8694
1021  |Info:    Registering I2C interface: /dev/i2c-2 Device 10DE:2182 Subsystem: 1458:3FBE
1021  |Info:    Registering I2C interface: /dev/i2c-0 Device 0000:0000 Subsystem: 0000:0000
1021  |Warning: [i2c_smbus_linux] Failed to read i2c device PCI device ID
1022  |Info:    Registering I2C interface: /dev/i2c-18 Device 0000:0000 Subsystem: 0000:0000
1022  |Info:    Registering I2C interface: /dev/i2c-9 Device 8086:9BC8 Subsystem: 1043:8694
1022  |Info:    Registering I2C interface: /dev/i2c-16 Device 8086:9BC8 Subsystem: 1043:8694
1022  |Info:    Registering I2C interface: /dev/i2c-7 Device 8086:43A3 Subsystem: 1043:8694
1022  |Info:    Registering I2C interface: /dev/i2c-14 Device 8086:9BC8 Subsystem: 1043:8694
1022  |Info:    Registering I2C interface: /dev/i2c-5 Device 10DE:2182 Subsystem: 1458:3FBE
1022  |Info:    Registering I2C interface: /dev/i2c-12 Device 8086:9BC8 Subsystem: 1043:8694
1022  |Info:    ------------------------------------------------------
1022  |Info:    |               Detecting I2C devices                |
1022  |Info:    ------------------------------------------------------
1417  |Info:    ------------------------------------------------------
1418  |Info:    |               Detecting I2C PCI devices            |
1418  |Info:    ------------------------------------------------------
1418  |Info:    ------------------------------------------------------
1418  |Info:    |               Detecting HID devices                |
1418  |Info:    ------------------------------------------------------
1807  |Info:    [G502 HERO Gaming Mouse] Registering RGB controller
1807  |Info:    [Keychron Gaming Keyboard 1] Registering RGB controller
1807  |Info:    ------------------------------------------------------
1807  |Info:    |            Detecting libusb HID devices            |
1807  |Info:    ------------------------------------------------------
1818  |Info:    ------------------------------------------------------
1818  |Info:    |              Detecting other devices               |
1818  |Info:    ------------------------------------------------------
1821  |Info:    ------------------------------------------------------
1821  |Info:    |                Detection completed                 |
1821  |Info:    ------------------------------------------------------
1822  |Info:    Profile loading: Succeeded for G502 HERO Gaming Mouse @ HID: /dev/hidraw4 (Receiver) 
Wireless Index: 255
1822  |Info:    Profile loading: Succeeded for Keychron Gaming Keyboard 1 @ HID: /dev/hidraw0
